[2026-02-23 19:16:15] Entity ws-1771870575721759821 - created: Path: /home/spanexx/Shared/Learn/go_tutorials
[2026-02-23 19:16:23] Entity phase-1 - created: Name: Phase 0: Critic Backlog, Order: 1
[2026-02-23 19:16:26] Entity phase-1 - created: Name: Phase 1: Foundation, Order: 1
[2026-02-23 19:16:29] Entity phase-2 - created: Name: Phase 2: Social Interactions, Order: 2
[2026-02-23 19:16:33] Entity phase-3 - created: Name: Phase 3: Advanced Features, Order: 3
[2026-02-23 19:16:36] Entity phase-4 - created: Name: Phase 4: Polish & Scale, Order: 4
[2026-02-23 19:16:39] Entity phase-5 - created: Name: Phase 5: Testing, Order: 5
[2026-02-23 19:16:43] Entity milestone-1-1 - created: Name: Milestone 0.1: Unmock Codebase, Phase: phase-1
[2026-02-23 19:16:47] Entity milestone-2-2 - created: Name: Milestone 1.1: Authentication System, Phase: phase-2
[2026-02-23 19:16:50] Entity milestone-2-3 - created: Name: Milestone 1.2: Core UI Components, Phase: phase-2
[2026-02-23 19:17:01] Entity milestone-2-4 - created: Name: Milestone 1.3: Feed Page, Phase: phase-2
[2026-02-23 19:17:01] Entity milestone-2-5 - created: Name: Milestone 1.5: Go Backend Foundation, Phase: phase-2
[2026-02-23 19:17:01] Entity milestone-2-6 - created: Name: Milestone 1.6: Email Service Integration, Phase: phase-2
[2026-02-23 19:17:01] Entity milestone-3-7 - created: Name: Milestone 2.1: Post Reactions, Phase: phase-3
[2026-02-23 19:17:01] Entity milestone-3-8 - created: Name: Milestone 2.2: Comments & Replies, Phase: phase-3
[2026-02-23 19:17:01] Entity milestone-3-9 - created: Name: Milestone 2.3: Hashtags & Mentions, Phase: phase-3
[2026-02-23 19:17:01] Entity milestone-3-10 - created: Name: Milestone 2.4: Sharing & Activity, Phase: phase-3
[2026-02-23 19:17:01] Entity milestone-3-11 - created: Name: Milestone 2.5: Social Graph, Phase: phase-3
[2026-02-23 19:17:01] Entity milestone-3-12 - created: Name: Milestone 2.6: Posts Service API, Phase: phase-3
[2026-02-23 19:17:01] Entity milestone-4-13 - created: Name: Milestone 3.1: Notifications, Phase: phase-4
[2026-02-23 19:17:01] Entity milestone-4-14 - created: Name: Milestone 3.2: Bookmarks, Phase: phase-4
[2026-02-23 19:17:01] Entity milestone-4-15 - created: Name: Milestone 3.3: Search & Explore, Phase: phase-4
[2026-02-23 19:17:01] Entity milestone-4-16 - created: Name: Milestone 3.4: Analytics, Phase: phase-4
[2026-02-23 19:17:01] Entity milestone-4-17 - created: Name: Milestone 3.5: Image Uploads, Phase: phase-4
[2026-02-23 19:17:01] Entity milestone-4-18 - created: Name: Milestone 3.6: Messages, Phase: phase-4
[2026-02-23 19:17:02] Entity milestone-4-19 - created: Name: Milestone 3.7: Realtime Service, Phase: phase-4
[2026-02-23 19:17:02] Entity milestone-5-20 - created: Name: Milestone 4.1: Real-time Updates, Phase: phase-5
[2026-02-23 19:17:02] Entity milestone-5-21 - created: Name: Milestone 4.2: PWA Features, Phase: phase-5
[2026-02-23 19:17:02] Entity milestone-5-22 - created: Name: Milestone 4.3: Accessibility, Phase: phase-5
[2026-02-23 19:17:02] Entity milestone-5-23 - created: Name: Milestone 4.4: Internationalization, Phase: phase-5
[2026-02-23 19:17:02] Entity milestone-5-24 - created: Name: Milestone 4.5: Performance, Phase: phase-5
[2026-02-23 19:17:02] Entity milestone-5-25 - created: Name: Milestone 4.6: Admin Panel, Phase: phase-5
[2026-02-23 19:17:02] Entity milestone-5-26 - created: Name: Milestone 4.7: Production Backend, Phase: phase-5
[2026-02-23 19:17:05] Entity milestone-2-27 - created: Name: Milestone 1.3: Feed Page, Phase: phase-2
[2026-02-23 19:17:05] Entity milestone-2-28 - created: Name: Milestone 1.5: Go Backend Foundation, Phase: phase-2
[2026-02-23 19:17:05] Entity milestone-2-29 - created: Name: Milestone 1.6: Email Service Integration, Phase: phase-2
[2026-02-23 19:17:05] Entity milestone-3-30 - created: Name: Milestone 2.1: Post Reactions, Phase: phase-3
[2026-02-23 19:17:05] Entity milestone-3-31 - created: Name: Milestone 2.2: Comments & Replies, Phase: phase-3
[2026-02-23 19:17:05] Entity milestone-3-32 - created: Name: Milestone 2.3: Hashtags & Mentions, Phase: phase-3
[2026-02-23 19:17:05] Entity milestone-3-33 - created: Name: Milestone 2.4: Sharing & Activity, Phase: phase-3
[2026-02-23 19:17:05] Entity milestone-3-34 - created: Name: Milestone 2.5: Social Graph, Phase: phase-3
[2026-02-23 19:17:05] Entity milestone-3-35 - created: Name: Milestone 2.6: Posts Service API, Phase: phase-3
[2026-02-23 19:17:05] Entity milestone-4-36 - created: Name: Milestone 3.1: Notifications, Phase: phase-4
[2026-02-23 19:17:05] Entity milestone-4-37 - created: Name: Milestone 3.2: Bookmarks, Phase: phase-4
[2026-02-23 19:17:05] Entity milestone-4-38 - created: Name: Milestone 3.3: Search & Explore, Phase: phase-4
[2026-02-23 19:17:05] Entity milestone-4-39 - created: Name: Milestone 3.4: Analytics, Phase: phase-4
[2026-02-23 19:17:05] Entity milestone-4-40 - created: Name: Milestone 3.5: Image Uploads, Phase: phase-4
[2026-02-23 19:17:05] Entity milestone-4-41 - created: Name: Milestone 3.6: Messages, Phase: phase-4
[2026-02-23 19:17:05] Entity milestone-4-42 - created: Name: Milestone 3.7: Realtime Service, Phase: phase-4
[2026-02-23 19:17:05] Entity milestone-5-43 - created: Name: Milestone 4.1: Real-time Updates, Phase: phase-5
[2026-02-23 19:17:05] Entity milestone-5-44 - created: Name: Milestone 4.2: PWA Features, Phase: phase-5
[2026-02-23 19:17:05] Entity milestone-5-45 - created: Name: Milestone 4.3: Accessibility, Phase: phase-5
[2026-02-23 19:17:05] Entity milestone-5-46 - created: Name: Milestone 4.4: Internationalization, Phase: phase-5
[2026-02-23 19:17:05] Entity milestone-5-47 - created: Name: Milestone 4.5: Performance, Phase: phase-5
[2026-02-23 19:17:05] Entity milestone-5-48 - created: Name: Milestone 4.6: Admin Panel, Phase: phase-5
[2026-02-23 19:17:05] Entity milestone-5-49 - created: Name: Milestone 4.7: Production Backend, Phase: phase-5
[2026-02-23 19:17:15] Entity milestone-5-50 - created: Name: Milestone 5.1: Backend Unit Tests - Services, Phase: phase-5
[2026-02-23 19:17:15] Entity milestone-5-51 - created: Name: Milestone 5.2: Backend Unit Tests - Repositories, Phase: phase-5
[2026-02-23 19:17:15] Entity milestone-5-52 - created: Name: Milestone 5.3: Backend Unit Tests - Handlers, Phase: phase-5
[2026-02-23 19:17:15] Entity milestone-5-53 - created: Name: Milestone 5.4: Frontend Unit Tests - Services, Phase: phase-5
[2026-02-23 19:17:15] Entity milestone-5-54 - created: Name: Milestone 5.5: Frontend Unit Tests - Components, Phase: phase-5
[2026-02-23 19:17:15] Entity milestone-5-55 - created: Name: Milestone 5.6: API Integration Tests, Phase: phase-5
[2026-02-23 19:17:15] Entity milestone-5-56 - created: Name: Milestone 5.7: Auth Integration Tests, Phase: phase-5
[2026-02-23 19:17:15] Entity milestone-5-57 - created: Name: Milestone 5.8: Database Integration Tests, Phase: phase-5
[2026-02-23 19:17:15] Entity milestone-5-58 - created: Name: Milestone 5.9: E2E Tests - Core Flows, Phase: phase-5
[2026-02-23 19:17:15] Entity milestone-5-59 - created: Name: Milestone 5.10: E2E Tests - Social Features, Phase: phase-5
[2026-02-23 19:17:18] Entity milestone-5-60 - created: Name: Milestone 5.1: Backend Unit Tests - Services, Phase: phase-5
[2026-02-23 19:17:18] Entity milestone-5-61 - created: Name: Milestone 5.2: Backend Unit Tests - Repositories, Phase: phase-5
[2026-02-23 19:17:19] Entity milestone-5-62 - created: Name: Milestone 5.3: Backend Unit Tests - Handlers, Phase: phase-5
[2026-02-23 19:17:19] Entity milestone-5-63 - created: Name: Milestone 5.4: Frontend Unit Tests - Services, Phase: phase-5
[2026-02-23 19:17:19] Entity milestone-5-64 - created: Name: Milestone 5.5: Frontend Unit Tests - Components, Phase: phase-5
[2026-02-23 19:17:19] Entity milestone-5-65 - created: Name: Milestone 5.6: API Integration Tests, Phase: phase-5
[2026-02-23 19:17:19] Entity milestone-5-66 - created: Name: Milestone 5.7: Auth Integration Tests, Phase: phase-5
[2026-02-23 19:17:19] Entity milestone-5-67 - created: Name: Milestone 5.8: Database Integration Tests, Phase: phase-5
[2026-02-23 19:17:19] Entity milestone-5-68 - created: Name: Milestone 5.9: E2E Tests - Core Flows, Phase: phase-5
[2026-02-23 19:17:19] Entity milestone-5-69 - created: Name: Milestone 5.10: E2E Tests - Social Features, Phase: phase-5
[2026-02-23 19:17:36] Entity task-1 - created: Title: Login Page Implementation, Priority: high, Milestone: milestone-2-2
[2026-02-23 19:17:36] Entity task-2 - created: Title: Registration Page Implementation, Priority: high, Milestone: milestone-2-2
[2026-02-23 19:17:36] Entity task-3 - created: Title: Authentication Service & State Management, Priority: high, Milestone: milestone-2-2
[2026-02-23 19:17:36] Entity task-4 - created: Title: Route Guards Implementation, Priority: high, Milestone: milestone-2-2
[2026-02-23 19:17:36] Entity task-5 - created: Title: User Menu & Logout Functionality, Priority: medium, Milestone: milestone-2-2
[2026-02-23 19:17:36] Entity task-6 - created: Title: Card Component, Priority: medium, Milestone: milestone-2-3
[2026-02-23 19:17:36] Entity task-7 - created: Title: Button Component, Priority: medium, Milestone: milestone-2-3
[2026-02-23 19:17:36] Entity task-8 - created: Title: Input Component, Priority: medium, Milestone: milestone-2-3
[2026-02-23 19:17:36] Entity task-9 - created: Title: Modal Component, Priority: medium, Milestone: milestone-2-3
[2026-02-23 19:17:36] Entity task-10 - created: Title: Sidebar Navigation, Priority: medium, Milestone: milestone-2-3
[2026-02-23 19:17:36] Entity task-11 - created: Title: Navbar Component, Priority: medium, Milestone: milestone-2-3
[2026-02-23 19:17:36] Entity task-12 - created: Title: Project Structure & Module Setup, Priority: high, Milestone: milestone-2-28
[2026-02-23 19:17:36] Entity task-13 - created: Title: Database Schema & Migrations, Priority: high, Milestone: milestone-2-28
[2026-02-23 19:17:36] Entity task-14 - created: Title: Configuration Management, Priority: high, Milestone: milestone-2-28
[2026-02-23 19:17:36] Entity task-15 - created: Title: HTTP Server & Router Setup, Priority: high, Milestone: milestone-2-28
[2026-02-23 19:17:36] Entity task-16 - created: Title: Repository Layer (sqlc), Priority: high, Milestone: milestone-2-28
[2026-02-23 19:17:36] Entity task-17 - created: Title: Service Layer & Business Logic, Priority: high, Milestone: milestone-2-28
[2026-02-23 19:17:36] Entity task-18 - created: Title: JWT Authentication Middleware, Priority: high, Milestone: milestone-2-28
[2026-02-23 19:17:36] Entity task-19 - created: Title: HTTP Handlers & Routes, Priority: high, Milestone: milestone-2-28
[2026-02-23 19:17:36] Entity task-20 - created: Title: API Documentation (OpenAPI/Swagger), Priority: medium, Milestone: milestone-2-28
[2026-02-23 19:17:36] Entity task-21 - created: Title: Integration Tests, Priority: medium, Milestone: milestone-2-28
[2026-02-23 19:17:36] Entity task-22 - created: Title: Docker Setup, Priority: medium, Milestone: milestone-2-28
[2026-02-23 19:17:36] Entity task-23 - created: Title: Makefile & Build Scripts, Priority: low, Milestone: milestone-2-28
[2026-02-23 19:17:36] Entity task-24 - created: Title: Reaction Types & Data Model, Priority: high, Milestone: milestone-3-30
[2026-02-23 19:17:36] Entity task-25 - created: Title: Backend Reaction Service, Priority: high, Milestone: milestone-3-30
[2026-02-23 19:17:36] Entity task-26 - created: Title: Reaction API Endpoints, Priority: high, Milestone: milestone-3-30
[2026-02-23 19:17:36] Entity task-27 - created: Title: Frontend Reaction Component, Priority: high, Milestone: milestone-3-30
[2026-02-23 19:17:36] Entity task-28 - created: Title: Reaction Counts Display, Priority: medium, Milestone: milestone-3-30
[2026-02-23 19:17:36] Entity task-29 - created: Title: User Reaction History, Priority: medium, Milestone: milestone-3-30
[2026-02-23 19:17:36] Entity task-30 - created: Title: Posts CRUD Endpoints, Priority: high, Milestone: milestone-3-35
[2026-02-23 19:17:36] Entity task-31 - created: Title: Posts Database Schema, Priority: high, Milestone: milestone-3-35
[2026-02-23 19:17:36] Entity task-32 - created: Title: Feed Algorithm Implementation, Priority: high, Milestone: milestone-3-35
[2026-02-23 19:17:36] Entity task-33 - created: Title: Comments CRUD, Priority: high, Milestone: milestone-3-35
[2026-02-23 19:17:36] Entity task-34 - created: Title: Post Search & Filtering, Priority: high, Milestone: milestone-3-35
[2026-02-23 19:17:36] Entity task-35 - created: Title: Pagination & Limits, Priority: medium, Milestone: milestone-3-35
[2026-02-23 19:17:36] Entity task-36 - created: Title: Posts Integration Tests, Priority: medium, Milestone: milestone-3-35
[2026-02-23 19:17:36] Entity task-37 - created: Title: Frontend Posts Service, Priority: medium, Milestone: milestone-3-35
[2026-02-23 19:17:36] Entity task-38 - created: Title: WebSocket Server Setup, Priority: high, Milestone: milestone-4-42
[2026-02-23 19:17:36] Entity task-39 - created: Title: Connection & Authentication, Priority: high, Milestone: milestone-4-42
[2026-02-23 19:17:36] Entity task-40 - created: Title: Real-time Notifications, Priority: high, Milestone: milestone-4-42
[2026-02-23 19:17:36] Entity task-41 - created: Title: Presence Tracking, Priority: high, Milestone: milestone-4-42
[2026-02-23 19:17:36] Entity task-42 - created: Title: Typing Indicators, Priority: medium, Milestone: milestone-4-42
[2026-02-23 19:17:36] Entity task-43 - created: Title: Message Broadcasting, Priority: medium, Milestone: milestone-4-42
[2026-02-23 19:17:36] Entity task-44 - created: Title: Frontend WebSocket Service, Priority: medium, Milestone: milestone-4-42
[2026-02-23 19:17:36] Entity task-45 - created: Title: Realtime Service Integration Tests, Priority: medium, Milestone: milestone-4-42
[2026-02-23 19:17:37] Entity task-46 - created: Title: Redis Caching Layer, Priority: high, Milestone: milestone-5-49
[2026-02-23 19:17:37] Entity task-47 - created: Title: Rate Limiting Middleware, Priority: high, Milestone: milestone-5-49
[2026-02-23 19:17:37] Entity task-48 - created: Title: Monitoring & Logging, Priority: high, Milestone: milestone-5-49
[2026-02-23 19:17:37] Entity task-49 - created: Title: Error Handling & Recovery, Priority: high, Milestone: milestone-5-49
[2026-02-23 19:17:37] Entity task-50 - created: Title: Performance Optimization, Priority: medium, Milestone: milestone-5-49
[2026-02-23 19:17:37] Entity task-51 - created: Title: Database Backup Strategy, Priority: medium, Milestone: milestone-5-49
[2026-02-23 19:17:37] Entity task-52 - created: Title: Horizontal Scaling, Priority: medium, Milestone: milestone-5-49
[2026-02-23 19:17:37] Entity task-53 - created: Title: API Versioning, Priority: low, Milestone: milestone-5-49
[2026-02-23 19:17:39] Entity task-54 - created: Title: Login Page Implementation, Priority: high, Milestone: milestone-2-2
[2026-02-23 19:17:39] Entity task-55 - created: Title: Registration Page Implementation, Priority: high, Milestone: milestone-2-2
[2026-02-23 19:17:40] Entity task-56 - created: Title: Authentication Service & State Management, Priority: high, Milestone: milestone-2-2
[2026-02-23 19:17:40] Entity task-57 - created: Title: Route Guards Implementation, Priority: high, Milestone: milestone-2-2
[2026-02-23 19:17:40] Entity task-58 - created: Title: User Menu & Logout Functionality, Priority: medium, Milestone: milestone-2-2
[2026-02-23 19:17:40] Entity task-59 - created: Title: Card Component, Priority: medium, Milestone: milestone-2-3
[2026-02-23 19:17:40] Entity task-60 - created: Title: Button Component, Priority: medium, Milestone: milestone-2-3
[2026-02-23 19:17:40] Entity task-61 - created: Title: Input Component, Priority: medium, Milestone: milestone-2-3
[2026-02-23 19:17:40] Entity task-62 - created: Title: Modal Component, Priority: medium, Milestone: milestone-2-3
[2026-02-23 19:17:40] Entity task-63 - created: Title: Sidebar Navigation, Priority: medium, Milestone: milestone-2-3
[2026-02-23 19:17:40] Entity task-64 - created: Title: Navbar Component, Priority: medium, Milestone: milestone-2-3
[2026-02-23 19:17:40] Entity task-65 - created: Title: Project Structure & Module Setup, Priority: high, Milestone: milestone-2-28
[2026-02-23 19:17:40] Entity task-66 - created: Title: Database Schema & Migrations, Priority: high, Milestone: milestone-2-28
[2026-02-23 19:17:40] Entity task-67 - created: Title: Configuration Management, Priority: high, Milestone: milestone-2-28
[2026-02-23 19:17:40] Entity task-68 - created: Title: HTTP Server & Router Setup, Priority: high, Milestone: milestone-2-28
[2026-02-23 19:17:40] Entity task-69 - created: Title: Repository Layer (sqlc), Priority: high, Milestone: milestone-2-28
[2026-02-23 19:17:40] Entity task-70 - created: Title: Service Layer & Business Logic, Priority: high, Milestone: milestone-2-28
[2026-02-23 19:17:40] Entity task-71 - created: Title: JWT Authentication Middleware, Priority: high, Milestone: milestone-2-28
[2026-02-23 19:17:40] Entity task-72 - created: Title: HTTP Handlers & Routes, Priority: high, Milestone: milestone-2-28
[2026-02-23 19:17:40] Entity task-73 - created: Title: API Documentation (OpenAPI/Swagger), Priority: medium, Milestone: milestone-2-28
[2026-02-23 19:17:40] Entity task-74 - created: Title: Integration Tests, Priority: medium, Milestone: milestone-2-28
[2026-02-23 19:17:40] Entity task-75 - created: Title: Docker Setup, Priority: medium, Milestone: milestone-2-28
[2026-02-23 19:17:40] Entity task-76 - created: Title: Makefile & Build Scripts, Priority: low, Milestone: milestone-2-28
[2026-02-23 19:17:40] Entity task-77 - created: Title: Reaction Types & Data Model, Priority: high, Milestone: milestone-3-30
[2026-02-23 19:17:40] Entity task-78 - created: Title: Backend Reaction Service, Priority: high, Milestone: milestone-3-30
[2026-02-23 19:17:40] Entity task-79 - created: Title: Reaction API Endpoints, Priority: high, Milestone: milestone-3-30
[2026-02-23 19:17:40] Entity task-80 - created: Title: Frontend Reaction Component, Priority: high, Milestone: milestone-3-30
[2026-02-23 19:17:40] Entity task-81 - created: Title: Reaction Counts Display, Priority: medium, Milestone: milestone-3-30
[2026-02-23 19:17:40] Entity task-82 - created: Title: User Reaction History, Priority: medium, Milestone: milestone-3-30
[2026-02-23 19:17:40] Entity task-83 - created: Title: Posts CRUD Endpoints, Priority: high, Milestone: milestone-3-35
[2026-02-23 19:17:40] Entity task-84 - created: Title: Posts Database Schema, Priority: high, Milestone: milestone-3-35
[2026-02-23 19:17:40] Entity task-85 - created: Title: Feed Algorithm Implementation, Priority: high, Milestone: milestone-3-35
[2026-02-23 19:17:40] Entity task-86 - created: Title: Comments CRUD, Priority: high, Milestone: milestone-3-35
[2026-02-23 19:17:40] Entity task-87 - created: Title: Post Search & Filtering, Priority: high, Milestone: milestone-3-35
[2026-02-23 19:17:40] Entity task-88 - created: Title: Pagination & Limits, Priority: medium, Milestone: milestone-3-35
[2026-02-23 19:17:40] Entity task-89 - created: Title: Posts Integration Tests, Priority: medium, Milestone: milestone-3-35
[2026-02-23 19:17:40] Entity task-90 - created: Title: Frontend Posts Service, Priority: medium, Milestone: milestone-3-35
[2026-02-23 19:17:40] Entity task-91 - created: Title: WebSocket Server Setup, Priority: high, Milestone: milestone-4-42
[2026-02-23 19:17:40] Entity task-92 - created: Title: Connection & Authentication, Priority: high, Milestone: milestone-4-42
[2026-02-23 19:17:40] Entity task-93 - created: Title: Real-time Notifications, Priority: high, Milestone: milestone-4-42
[2026-02-23 19:17:40] Entity task-94 - created: Title: Presence Tracking, Priority: high, Milestone: milestone-4-42
[2026-02-23 19:17:40] Entity task-95 - created: Title: Typing Indicators, Priority: medium, Milestone: milestone-4-42
[2026-02-23 19:17:40] Entity task-96 - created: Title: Message Broadcasting, Priority: medium, Milestone: milestone-4-42
[2026-02-23 19:17:40] Entity task-97 - created: Title: Frontend WebSocket Service, Priority: medium, Milestone: milestone-4-42
[2026-02-23 19:17:40] Entity task-98 - created: Title: Realtime Service Integration Tests, Priority: medium, Milestone: milestone-4-42
[2026-02-23 19:17:40] Entity task-99 - created: Title: Redis Caching Layer, Priority: high, Milestone: milestone-5-49
[2026-02-23 19:17:41] Entity task-100 - created: Title: Rate Limiting Middleware, Priority: high, Milestone: milestone-5-49
[2026-02-23 19:17:41] Entity task-101 - created: Title: Monitoring & Logging, Priority: high, Milestone: milestone-5-49
[2026-02-23 19:17:41] Entity task-102 - created: Title: Error Handling & Recovery, Priority: high, Milestone: milestone-5-49
[2026-02-23 19:17:41] Entity task-103 - created: Title: Performance Optimization, Priority: medium, Milestone: milestone-5-49
[2026-02-23 19:17:41] Entity task-104 - created: Title: Database Backup Strategy, Priority: medium, Milestone: milestone-5-49
[2026-02-23 19:17:41] Entity task-105 - created: Title: Horizontal Scaling, Priority: medium, Milestone: milestone-5-49
[2026-02-23 19:17:41] Entity task-106 - created: Title: API Versioning, Priority: low, Milestone: milestone-5-49
